2023-03-21 22:52:45,599 DEBUG    root            Loaded Command Group: ['gcloud', 'components']
2023-03-21 22:52:45,604 DEBUG    root            Loaded Command Group: ['gcloud', 'components', 'update']
2023-03-21 22:52:45,606 DEBUG    root            Running [gcloud.components.update] with arguments: [--allow-no-backup: "True", --quiet: "True", COMPONENT-IDS:7: "['core', 'gcloud-deps', 'bq', 'gcloud', 'gcloud-crc32c', 'gsutil', 'anthoscli']"]
2023-03-21 22:52:45,607 INFO     ___FILE_ONLY___ Beginning update. This process may take several minutes.

2023-03-21 22:52:57,636 DEBUG    urllib3.connectionpool Starting new HTTPS connection (1): dl.google.com:443
2023-03-21 22:52:57,849 DEBUG    urllib3.connectionpool https://dl.google.com:443 "GET /dl/cloudsdk/channels/rapid/components-2.json HTTP/1.1" 200 206156
2023-03-21 22:52:57,864 INFO     ___FILE_ONLY___ 

2023-03-21 22:52:57,865 INFO     ___FILE_ONLY___ 
Your current Google Cloud CLI version is: 423.0.0

2023-03-21 22:52:57,865 INFO     ___FILE_ONLY___ Installing components from version: 423.0.0

2023-03-21 22:52:57,865 INFO     ___FILE_ONLY___ 

2023-03-21 22:52:57,866 DEBUG    root            Chosen display Format:table[box,title="These components will be removed."](details.display_name:label=Name:align=left,version.version_string:label=Version:align=right,data.size.size(zero="",min=1048576):label=Size:align=right)
2023-03-21 22:52:57,867 DEBUG    root            Chosen display Format:table[box,title="These components will be updated."](details.display_name:label=Name:align=left,version.version_string:label=Version:align=right,data.size.size(zero="",min=1048576):label=Size:align=right)
2023-03-21 22:52:57,867 DEBUG    root            Chosen display Format:table[box,title="These components will be installed."](details.display_name:label=Name:align=left,version.version_string:label=Version:align=right,data.size.size(zero="",min=1048576):label=Size:align=right)
2023-03-21 22:52:57,873 INFO     ___FILE_ONLY___ ┌─────────────────────────────────────────────────────────────────────────────┐
2023-03-21 22:52:57,873 INFO     ___FILE_ONLY___ 

2023-03-21 22:52:57,873 INFO     ___FILE_ONLY___ │                     These components will be installed.                     │
2023-03-21 22:52:57,873 INFO     ___FILE_ONLY___ 

2023-03-21 22:52:57,874 INFO     ___FILE_ONLY___ ├─────────────────────────────────────────────────────┬────────────┬──────────┤
2023-03-21 22:52:57,874 INFO     ___FILE_ONLY___ 

2023-03-21 22:52:57,874 INFO     ___FILE_ONLY___ │                         Name                        │  Version   │   Size   │
2023-03-21 22:52:57,874 INFO     ___FILE_ONLY___ 

2023-03-21 22:52:57,874 INFO     ___FILE_ONLY___ ├─────────────────────────────────────────────────────┼────────────┼──────────┤
2023-03-21 22:52:57,874 INFO     ___FILE_ONLY___ 

2023-03-21 22:52:57,874 INFO     ___FILE_ONLY___ │ 
2023-03-21 22:52:57,874 INFO     ___FILE_ONLY___ BigQuery Command Line Tool                         
2023-03-21 22:52:57,874 INFO     ___FILE_ONLY___  
2023-03-21 22:52:57,875 INFO     ___FILE_ONLY___ │ 
2023-03-21 22:52:57,875 INFO     ___FILE_ONLY___     2.0.88
2023-03-21 22:52:57,875 INFO     ___FILE_ONLY___  
2023-03-21 22:52:57,875 INFO     ___FILE_ONLY___ │ 
2023-03-21 22:52:57,875 INFO     ___FILE_ONLY___  1.6 MiB
2023-03-21 22:52:57,875 INFO     ___FILE_ONLY___  
2023-03-21 22:52:57,875 INFO     ___FILE_ONLY___ │
2023-03-21 22:52:57,875 INFO     ___FILE_ONLY___ 

2023-03-21 22:52:57,875 INFO     ___FILE_ONLY___ │ 
2023-03-21 22:52:57,875 INFO     ___FILE_ONLY___ BigQuery Command Line Tool (Platform Specific)     
2023-03-21 22:52:57,876 INFO     ___FILE_ONLY___  
2023-03-21 22:52:57,876 INFO     ___FILE_ONLY___ │ 
2023-03-21 22:52:57,876 INFO     ___FILE_ONLY___     2.0.77
2023-03-21 22:52:57,876 INFO     ___FILE_ONLY___  
2023-03-21 22:52:57,876 INFO     ___FILE_ONLY___ │ 
2023-03-21 22:52:57,876 INFO     ___FILE_ONLY___  < 1 MiB
2023-03-21 22:52:57,876 INFO     ___FILE_ONLY___  
2023-03-21 22:52:57,876 INFO     ___FILE_ONLY___ │
2023-03-21 22:52:57,876 INFO     ___FILE_ONLY___ 

2023-03-21 22:52:57,876 INFO     ___FILE_ONLY___ │ 
2023-03-21 22:52:57,876 INFO     ___FILE_ONLY___ Bundled Python 3.9                                 
2023-03-21 22:52:57,877 INFO     ___FILE_ONLY___  
2023-03-21 22:52:57,877 INFO     ___FILE_ONLY___ │ 
2023-03-21 22:52:57,877 INFO     ___FILE_ONLY___     3.9.16
2023-03-21 22:52:57,877 INFO     ___FILE_ONLY___  
2023-03-21 22:52:57,877 INFO     ___FILE_ONLY___ │ 
2023-03-21 22:52:57,877 INFO     ___FILE_ONLY___ 63.4 MiB
2023-03-21 22:52:57,877 INFO     ___FILE_ONLY___  
2023-03-21 22:52:57,877 INFO     ___FILE_ONLY___ │
2023-03-21 22:52:57,877 INFO     ___FILE_ONLY___ 

2023-03-21 22:52:57,877 INFO     ___FILE_ONLY___ │ 
2023-03-21 22:52:57,877 INFO     ___FILE_ONLY___ Cloud Storage Command Line Tool                    
2023-03-21 22:52:57,878 INFO     ___FILE_ONLY___  
2023-03-21 22:52:57,878 INFO     ___FILE_ONLY___ │ 
2023-03-21 22:52:57,878 INFO     ___FILE_ONLY___       5.21
2023-03-21 22:52:57,878 INFO     ___FILE_ONLY___  
2023-03-21 22:52:57,878 INFO     ___FILE_ONLY___ │ 
2023-03-21 22:52:57,878 INFO     ___FILE_ONLY___ 15.5 MiB
2023-03-21 22:52:57,878 INFO     ___FILE_ONLY___  
2023-03-21 22:52:57,878 INFO     ___FILE_ONLY___ │
2023-03-21 22:52:57,878 INFO     ___FILE_ONLY___ 

2023-03-21 22:52:57,878 INFO     ___FILE_ONLY___ │ 
2023-03-21 22:52:57,879 INFO     ___FILE_ONLY___ Cloud Storage Command Line Tool (Platform Specific)
2023-03-21 22:52:57,879 INFO     ___FILE_ONLY___  
2023-03-21 22:52:57,879 INFO     ___FILE_ONLY___ │ 
2023-03-21 22:52:57,879 INFO     ___FILE_ONLY___       5.13
2023-03-21 22:52:57,879 INFO     ___FILE_ONLY___  
2023-03-21 22:52:57,879 INFO     ___FILE_ONLY___ │ 
2023-03-21 22:52:57,879 INFO     ___FILE_ONLY___  < 1 MiB
2023-03-21 22:52:57,879 INFO     ___FILE_ONLY___  
2023-03-21 22:52:57,879 INFO     ___FILE_ONLY___ │
2023-03-21 22:52:57,879 INFO     ___FILE_ONLY___ 

2023-03-21 22:52:57,879 INFO     ___FILE_ONLY___ │ 
2023-03-21 22:52:57,880 INFO     ___FILE_ONLY___ Google Cloud CLI Core Libraries (Platform Specific)
2023-03-21 22:52:57,880 INFO     ___FILE_ONLY___  
2023-03-21 22:52:57,880 INFO     ___FILE_ONLY___ │ 
2023-03-21 22:52:57,880 INFO     ___FILE_ONLY___ 2022.09.20
2023-03-21 22:52:57,880 INFO     ___FILE_ONLY___  
2023-03-21 22:52:57,880 INFO     ___FILE_ONLY___ │ 
2023-03-21 22:52:57,880 INFO     ___FILE_ONLY___  < 1 MiB
2023-03-21 22:52:57,880 INFO     ___FILE_ONLY___  
2023-03-21 22:52:57,880 INFO     ___FILE_ONLY___ │
2023-03-21 22:52:57,880 INFO     ___FILE_ONLY___ 

2023-03-21 22:52:57,880 INFO     ___FILE_ONLY___ │ 
2023-03-21 22:52:57,881 INFO     ___FILE_ONLY___ Google Cloud CRC32C Hash Tool                      
2023-03-21 22:52:57,881 INFO     ___FILE_ONLY___  
2023-03-21 22:52:57,881 INFO     ___FILE_ONLY___ │ 
2023-03-21 22:52:57,881 INFO     ___FILE_ONLY___      1.0.0
2023-03-21 22:52:57,881 INFO     ___FILE_ONLY___  
2023-03-21 22:52:57,881 INFO     ___FILE_ONLY___ │ 
2023-03-21 22:52:57,881 INFO     ___FILE_ONLY___  1.2 MiB
2023-03-21 22:52:57,881 INFO     ___FILE_ONLY___  
2023-03-21 22:52:57,881 INFO     ___FILE_ONLY___ │
2023-03-21 22:52:57,881 INFO     ___FILE_ONLY___ 

2023-03-21 22:52:57,881 INFO     ___FILE_ONLY___ │ 
2023-03-21 22:52:57,882 INFO     ___FILE_ONLY___ anthoscli                                          
2023-03-21 22:52:57,882 INFO     ___FILE_ONLY___  
2023-03-21 22:52:57,882 INFO     ___FILE_ONLY___ │ 
2023-03-21 22:52:57,882 INFO     ___FILE_ONLY___     0.2.35
2023-03-21 22:52:57,882 INFO     ___FILE_ONLY___  
2023-03-21 22:52:57,882 INFO     ___FILE_ONLY___ │ 
2023-03-21 22:52:57,882 INFO     ___FILE_ONLY___ 68.6 MiB
2023-03-21 22:52:57,882 INFO     ___FILE_ONLY___  
2023-03-21 22:52:57,882 INFO     ___FILE_ONLY___ │
2023-03-21 22:52:57,882 INFO     ___FILE_ONLY___ 

2023-03-21 22:52:57,882 INFO     ___FILE_ONLY___ │ 
2023-03-21 22:52:57,883 INFO     ___FILE_ONLY___ gcloud cli dependencies                            
2023-03-21 22:52:57,883 INFO     ___FILE_ONLY___  
2023-03-21 22:52:57,883 INFO     ___FILE_ONLY___ │ 
2023-03-21 22:52:57,883 INFO     ___FILE_ONLY___ 2021.04.16
2023-03-21 22:52:57,883 INFO     ___FILE_ONLY___  
2023-03-21 22:52:57,883 INFO     ___FILE_ONLY___ │ 
2023-03-21 22:52:57,883 INFO     ___FILE_ONLY___  < 1 MiB
2023-03-21 22:52:57,883 INFO     ___FILE_ONLY___  
2023-03-21 22:52:57,883 INFO     ___FILE_ONLY___ │
2023-03-21 22:52:57,883 INFO     ___FILE_ONLY___ 

2023-03-21 22:52:57,884 INFO     ___FILE_ONLY___ └─────────────────────────────────────────────────────┴────────────┴──────────┘
2023-03-21 22:52:57,884 INFO     ___FILE_ONLY___ 

2023-03-21 22:52:57,884 INFO     ___FILE_ONLY___ 

2023-03-21 22:52:57,886 DEBUG    urllib3.connectionpool Starting new HTTPS connection (1): dl.google.com:443
2023-03-21 22:52:58,100 DEBUG    urllib3.connectionpool https://dl.google.com:443 "GET /dl/cloudsdk/channels/rapid/RELEASE_NOTES HTTP/1.1" 200 964396
2023-03-21 22:52:58,132 INFO     ___FILE_ONLY___ For the latest full release notes, please visit:
  https://cloud.google.com/sdk/release_notes


2023-03-21 22:52:58,140 INFO     ___FILE_ONLY___ ╔════════════════════════════════════════════════════════════╗

2023-03-21 22:52:58,140 INFO     ___FILE_ONLY___ ╠═ Creating update staging area                             ═╣

2023-03-21 22:52:58,140 INFO     ___FILE_ONLY___ ╚
2023-03-21 22:52:58,141 INFO     ___FILE_ONLY___ ══════
2023-03-21 22:52:58,141 INFO     ___FILE_ONLY___ ══════
2023-03-21 22:52:58,141 INFO     ___FILE_ONLY___ ══════
2023-03-21 22:52:58,314 INFO     ___FILE_ONLY___ ═
2023-03-21 22:52:58,409 INFO     ___FILE_ONLY___ ═
2023-03-21 22:52:58,498 INFO     ___FILE_ONLY___ ═
2023-03-21 22:52:58,588 INFO     ___FILE_ONLY___ ═
2023-03-21 22:52:58,692 INFO     ___FILE_ONLY___ ═
2023-03-21 22:52:58,812 INFO     ___FILE_ONLY___ ═
2023-03-21 22:52:58,904 INFO     ___FILE_ONLY___ ═
2023-03-21 22:52:58,994 INFO     ___FILE_ONLY___ ═
2023-03-21 22:52:59,076 INFO     ___FILE_ONLY___ ═
2023-03-21 22:52:59,172 INFO     ___FILE_ONLY___ ═
2023-03-21 22:52:59,265 INFO     ___FILE_ONLY___ ═
2023-03-21 22:52:59,361 INFO     ___FILE_ONLY___ ═
2023-03-21 22:52:59,458 INFO     ___FILE_ONLY___ ═
2023-03-21 22:52:59,537 INFO     ___FILE_ONLY___ ═
2023-03-21 22:52:59,634 INFO     ___FILE_ONLY___ ═
2023-03-21 22:52:59,764 INFO     ___FILE_ONLY___ ═
2023-03-21 22:52:59,866 INFO     ___FILE_ONLY___ ═
2023-03-21 22:52:59,992 INFO     ___FILE_ONLY___ ═
2023-03-21 22:53:00,042 INFO     ___FILE_ONLY___ ═
2023-03-21 22:53:00,093 INFO     ___FILE_ONLY___ ═
2023-03-21 22:53:00,147 INFO     ___FILE_ONLY___ ═
2023-03-21 22:53:00,214 INFO     ___FILE_ONLY___ ═
2023-03-21 22:53:00,262 INFO     ___FILE_ONLY___ ═
2023-03-21 22:53:00,317 INFO     ___FILE_ONLY___ ═
2023-03-21 22:53:00,538 INFO     ___FILE_ONLY___ ═
2023-03-21 22:53:00,622 INFO     ___FILE_ONLY___ ═
2023-03-21 22:53:00,911 INFO     ___FILE_ONLY___ ═
2023-03-21 22:53:01,063 INFO     ___FILE_ONLY___ ═
2023-03-21 22:53:01,130 INFO     ___FILE_ONLY___ ═
2023-03-21 22:53:01,209 INFO     ___FILE_ONLY___ ═
2023-03-21 22:53:01,291 INFO     ___FILE_ONLY___ ═
2023-03-21 22:53:01,427 INFO     ___FILE_ONLY___ ═
2023-03-21 22:53:01,519 INFO     ___FILE_ONLY___ ═
2023-03-21 22:53:01,636 INFO     ___FILE_ONLY___ ═
2023-03-21 22:53:01,771 INFO     ___FILE_ONLY___ ═
2023-03-21 22:53:01,877 INFO     ___FILE_ONLY___ ═
2023-03-21 22:53:01,973 INFO     ___FILE_ONLY___ ═
2023-03-21 22:53:02,094 INFO     ___FILE_ONLY___ ═
2023-03-21 22:53:02,202 INFO     ___FILE_ONLY___ ═
2023-03-21 22:53:02,334 INFO     ___FILE_ONLY___ ═
2023-03-21 22:53:02,553 INFO     ___FILE_ONLY___ ═
2023-03-21 22:53:02,637 INFO     ___FILE_ONLY___ ═
2023-03-21 22:53:02,637 INFO     ___FILE_ONLY___ ╝

2023-03-21 22:53:02,993 INFO     ___FILE_ONLY___ ╔════════════════════════════════════════════════════════════╗

2023-03-21 22:53:02,994 INFO     ___FILE_ONLY___ ╠═ Installing: BigQuery Command Line Tool                   ═╣

2023-03-21 22:53:02,994 INFO     ___FILE_ONLY___ ╚
2023-03-21 22:53:02,998 DEBUG    urllib3.connectionpool Starting new HTTPS connection (1): dl.google.com:443
2023-03-21 22:53:03,211 DEBUG    urllib3.connectionpool https://dl.google.com:443 "GET /dl/cloudsdk/channels/rapid/components/google-cloud-sdk-bq-20230310163703.tar.gz HTTP/1.1" 200 1647199
2023-03-21 22:53:03,226 INFO     ___FILE_ONLY___ ═
2023-03-21 22:53:03,227 INFO     ___FILE_ONLY___ ═
2023-03-21 22:53:03,227 INFO     ___FILE_ONLY___ ═
2023-03-21 22:53:03,227 INFO     ___FILE_ONLY___ ═
2023-03-21 22:53:03,227 INFO     ___FILE_ONLY___ ═
2023-03-21 22:53:03,228 INFO     ___FILE_ONLY___ ═
2023-03-21 22:53:03,228 INFO     ___FILE_ONLY___ ═
2023-03-21 22:53:03,228 INFO     ___FILE_ONLY___ ═
2023-03-21 22:53:03,228 INFO     ___FILE_ONLY___ ═
2023-03-21 22:53:03,229 INFO     ___FILE_ONLY___ ═
2023-03-21 22:53:03,229 INFO     ___FILE_ONLY___ ═
2023-03-21 22:53:03,229 INFO     ___FILE_ONLY___ ═
2023-03-21 22:53:03,229 INFO     ___FILE_ONLY___ ═
2023-03-21 22:53:03,230 INFO     ___FILE_ONLY___ ═
2023-03-21 22:53:03,230 INFO     ___FILE_ONLY___ ═
2023-03-21 22:53:03,230 INFO     ___FILE_ONLY___ ═
2023-03-21 22:53:03,230 INFO     ___FILE_ONLY___ ═
2023-03-21 22:53:03,231 INFO     ___FILE_ONLY___ ═
2023-03-21 22:53:03,231 INFO     ___FILE_ONLY___ ═
2023-03-21 22:53:03,231 INFO     ___FILE_ONLY___ ═
2023-03-21 22:53:03,231 INFO     ___FILE_ONLY___ ═
2023-03-21 22:53:03,231 INFO     ___FILE_ONLY___ ═
2023-03-21 22:53:03,232 INFO     ___FILE_ONLY___ ═
2023-03-21 22:53:03,232 INFO     ___FILE_ONLY___ ═
2023-03-21 22:53:03,232 INFO     ___FILE_ONLY___ ═
2023-03-21 22:53:03,232 INFO     ___FILE_ONLY___ ═
2023-03-21 22:53:03,233 INFO     ___FILE_ONLY___ ═
2023-03-21 22:53:03,233 INFO     ___FILE_ONLY___ ═
2023-03-21 22:53:03,233 INFO     ___FILE_ONLY___ ═
2023-03-21 22:53:03,233 INFO     ___FILE_ONLY___ ═
2023-03-21 22:53:03,351 INFO     ___FILE_ONLY___ ═
2023-03-21 22:53:03,359 INFO     ___FILE_ONLY___ ═
2023-03-21 22:53:03,366 INFO     ___FILE_ONLY___ ═
2023-03-21 22:53:03,374 INFO     ___FILE_ONLY___ ═
2023-03-21 22:53:03,379 INFO     ___FILE_ONLY___ ═
2023-03-21 22:53:03,385 INFO     ___FILE_ONLY___ ═
2023-03-21 22:53:03,390 INFO     ___FILE_ONLY___ ═
2023-03-21 22:53:03,395 INFO     ___FILE_ONLY___ ═
2023-03-21 22:53:03,400 INFO     ___FILE_ONLY___ ═
2023-03-21 22:53:03,406 INFO     ___FILE_ONLY___ ═
2023-03-21 22:53:03,412 INFO     ___FILE_ONLY___ ═
2023-03-21 22:53:03,419 INFO     ___FILE_ONLY___ ═
2023-03-21 22:53:03,427 INFO     ___FILE_ONLY___ ═
2023-03-21 22:53:03,433 INFO     ___FILE_ONLY___ ═
2023-03-21 22:53:03,438 INFO     ___FILE_ONLY___ ═
2023-03-21 22:53:03,443 INFO     ___FILE_ONLY___ ═
2023-03-21 22:53:03,448 INFO     ___FILE_ONLY___ ═
2023-03-21 22:53:03,453 INFO     ___FILE_ONLY___ ═
2023-03-21 22:53:03,458 INFO     ___FILE_ONLY___ ═
2023-03-21 22:53:03,466 INFO     ___FILE_ONLY___ ═
2023-03-21 22:53:03,471 INFO     ___FILE_ONLY___ ═
2023-03-21 22:53:03,476 INFO     ___FILE_ONLY___ ═
2023-03-21 22:53:03,482 INFO     ___FILE_ONLY___ ═
2023-03-21 22:53:03,488 INFO     ___FILE_ONLY___ ═
2023-03-21 22:53:03,493 INFO     ___FILE_ONLY___ ═
2023-03-21 22:53:03,499 INFO     ___FILE_ONLY___ ═
2023-03-21 22:53:03,505 INFO     ___FILE_ONLY___ ═
2023-03-21 22:53:03,510 INFO     ___FILE_ONLY___ ═
2023-03-21 22:53:03,516 INFO     ___FILE_ONLY___ ═
2023-03-21 22:53:03,521 INFO     ___FILE_ONLY___ ═
2023-03-21 22:53:03,521 INFO     ___FILE_ONLY___ ╝

2023-03-21 22:53:03,540 INFO     ___FILE_ONLY___ ╔════════════════════════════════════════════════════════════╗

2023-03-21 22:53:03,541 INFO     ___FILE_ONLY___ ╠═ Installing: BigQuery Command Line Tool (Platform Spec... ═╣

2023-03-21 22:53:03,541 INFO     ___FILE_ONLY___ ╚
2023-03-21 22:53:03,545 DEBUG    urllib3.connectionpool Starting new HTTPS connection (1): dl.google.com:443
2023-03-21 22:53:03,757 DEBUG    urllib3.connectionpool https://dl.google.com:443 "GET /dl/cloudsdk/channels/rapid/components/google-cloud-sdk-bq-nix-20220920185015.tar.gz HTTP/1.1" 200 1837
2023-03-21 22:53:03,758 INFO     ___FILE_ONLY___ ══════════════════════════════
2023-03-21 22:53:03,759 INFO     ___FILE_ONLY___ ══════════════════════════════
2023-03-21 22:53:03,759 INFO     ___FILE_ONLY___ ╝

2023-03-21 22:53:03,777 INFO     ___FILE_ONLY___ ╔════════════════════════════════════════════════════════════╗

2023-03-21 22:53:03,778 INFO     ___FILE_ONLY___ ╠═ Installing: Bundled Python 3.9                           ═╣

2023-03-21 22:53:03,778 INFO     ___FILE_ONLY___ ╚
2023-03-21 22:53:03,783 INFO     ___FILE_ONLY___ ════════════════════════════════════════════════════════════
2023-03-21 22:53:03,783 INFO     ___FILE_ONLY___ ╝

2023-03-21 22:53:03,790 INFO     ___FILE_ONLY___ ╔════════════════════════════════════════════════════════════╗

2023-03-21 22:53:03,790 INFO     ___FILE_ONLY___ ╠═ Installing: Bundled Python 3.9                           ═╣

2023-03-21 22:53:03,790 INFO     ___FILE_ONLY___ ╚
2023-03-21 22:53:03,795 DEBUG    urllib3.connectionpool Starting new HTTPS connection (1): dl.google.com:443
2023-03-21 22:53:04,009 DEBUG    urllib3.connectionpool https://dl.google.com:443 "GET /dl/cloudsdk/channels/rapid/components/google-cloud-sdk-bundled-python3-unix-linux-x86_64-20230303155151.tar.gz HTTP/1.1" 200 66467643
2023-03-21 22:53:04,373 INFO     ___FILE_ONLY___ ═
2023-03-21 22:53:04,379 INFO     ___FILE_ONLY___ ═
2023-03-21 22:53:04,384 INFO     ___FILE_ONLY___ ═
2023-03-21 22:53:04,389 INFO     ___FILE_ONLY___ ═
2023-03-21 22:53:04,395 INFO     ___FILE_ONLY___ ═
2023-03-21 22:53:04,400 INFO     ___FILE_ONLY___ ═
2023-03-21 22:53:04,405 INFO     ___FILE_ONLY___ ═
2023-03-21 22:53:04,411 INFO     ___FILE_ONLY___ ═
2023-03-21 22:53:04,416 INFO     ___FILE_ONLY___ ═
2023-03-21 22:53:04,422 INFO     ___FILE_ONLY___ ═
2023-03-21 22:53:04,428 INFO     ___FILE_ONLY___ ═
2023-03-21 22:53:04,433 INFO     ___FILE_ONLY___ ═
2023-03-21 22:53:04,438 INFO     ___FILE_ONLY___ ═
2023-03-21 22:53:04,444 INFO     ___FILE_ONLY___ ═
2023-03-21 22:53:04,449 INFO     ___FILE_ONLY___ ═
2023-03-21 22:53:04,455 INFO     ___FILE_ONLY___ ═
2023-03-21 22:53:04,460 INFO     ___FILE_ONLY___ ═
2023-03-21 22:53:04,465 INFO     ___FILE_ONLY___ ═
2023-03-21 22:53:04,471 INFO     ___FILE_ONLY___ ═
2023-03-21 22:53:04,476 INFO     ___FILE_ONLY___ ═
2023-03-21 22:53:04,481 INFO     ___FILE_ONLY___ ═
2023-03-21 22:53:04,487 INFO     ___FILE_ONLY___ ═
2023-03-21 22:53:04,492 INFO     ___FILE_ONLY___ ═
2023-03-21 22:53:04,497 INFO     ___FILE_ONLY___ ═
2023-03-21 22:53:04,503 INFO     ___FILE_ONLY___ ═
2023-03-21 22:53:04,508 INFO     ___FILE_ONLY___ ═
2023-03-21 22:53:04,514 INFO     ___FILE_ONLY___ ═
2023-03-21 22:53:04,519 INFO     ___FILE_ONLY___ ═
2023-03-21 22:53:04,525 INFO     ___FILE_ONLY___ ═
2023-03-21 22:53:04,530 INFO     ___FILE_ONLY___ ═
2023-03-21 22:53:06,455 INFO     ___FILE_ONLY___ ═
2023-03-21 22:53:06,474 INFO     ___FILE_ONLY___ ═
2023-03-21 22:53:06,497 INFO     ___FILE_ONLY___ ═
2023-03-21 22:53:06,520 INFO     ___FILE_ONLY___ ═
2023-03-21 22:53:06,540 INFO     ___FILE_ONLY___ ═
2023-03-21 22:53:06,566 INFO     ___FILE_ONLY___ ═
2023-03-21 22:53:06,592 INFO     ___FILE_ONLY___ ═
2023-03-21 22:53:06,623 INFO     ___FILE_ONLY___ ═
2023-03-21 22:53:06,646 INFO     ___FILE_ONLY___ ═
2023-03-21 22:53:06,669 INFO     ___FILE_ONLY___ ═
2023-03-21 22:53:06,696 INFO     ___FILE_ONLY___ ═
2023-03-21 22:53:06,722 INFO     ___FILE_ONLY___ ═
2023-03-21 22:53:06,858 INFO     ___FILE_ONLY___ ═
2023-03-21 22:53:06,878 INFO     ___FILE_ONLY___ ═
2023-03-21 22:53:06,936 INFO     ___FILE_ONLY___ ═
2023-03-21 22:53:07,020 INFO     ___FILE_ONLY___ ═
2023-03-21 22:53:07,051 INFO     ___FILE_ONLY___ ═
2023-03-21 22:53:07,079 INFO     ___FILE_ONLY___ ═
2023-03-21 22:53:07,105 INFO     ___FILE_ONLY___ ═
2023-03-21 22:53:07,153 INFO     ___FILE_ONLY___ ═
2023-03-21 22:53:07,175 INFO     ___FILE_ONLY___ ═
2023-03-21 22:53:07,196 INFO     ___FILE_ONLY___ ═
2023-03-21 22:53:07,219 INFO     ___FILE_ONLY___ ═
2023-03-21 22:53:07,244 INFO     ___FILE_ONLY___ ═
2023-03-21 22:53:07,272 INFO     ___FILE_ONLY___ ═
2023-03-21 22:53:07,300 INFO     ___FILE_ONLY___ ═
2023-03-21 22:53:08,038 INFO     ___FILE_ONLY___ ═
2023-03-21 22:53:08,381 INFO     ___FILE_ONLY___ ═
2023-03-21 22:53:08,398 INFO     ___FILE_ONLY___ ═
2023-03-21 22:53:08,416 INFO     ___FILE_ONLY___ ═
2023-03-21 22:53:08,416 INFO     ___FILE_ONLY___ ╝

2023-03-21 22:53:08,483 INFO     ___FILE_ONLY___ ╔════════════════════════════════════════════════════════════╗

2023-03-21 22:53:08,483 INFO     ___FILE_ONLY___ ╠═ Installing: Cloud Storage Command Line Tool              ═╣

2023-03-21 22:53:08,483 INFO     ___FILE_ONLY___ ╚
2023-03-21 22:53:08,488 DEBUG    urllib3.connectionpool Starting new HTTPS connection (1): dl.google.com:443
2023-03-21 22:53:08,707 DEBUG    urllib3.connectionpool https://dl.google.com:443 "GET /dl/cloudsdk/channels/rapid/components/google-cloud-sdk-gsutil-20230310163703.tar.gz HTTP/1.1" 200 16304023
2023-03-21 22:53:08,801 INFO     ___FILE_ONLY___ ═
2023-03-21 22:53:08,803 INFO     ___FILE_ONLY___ ═
2023-03-21 22:53:08,804 INFO     ___FILE_ONLY___ ═
2023-03-21 22:53:08,805 INFO     ___FILE_ONLY___ ═
2023-03-21 22:53:08,807 INFO     ___FILE_ONLY___ ═
2023-03-21 22:53:08,808 INFO     ___FILE_ONLY___ ═
2023-03-21 22:53:08,809 INFO     ___FILE_ONLY___ ═
2023-03-21 22:53:08,811 INFO     ___FILE_ONLY___ ═
2023-03-21 22:53:08,812 INFO     ___FILE_ONLY___ ═
2023-03-21 22:53:08,813 INFO     ___FILE_ONLY___ ═
2023-03-21 22:53:08,815 INFO     ___FILE_ONLY___ ═
2023-03-21 22:53:08,816 INFO     ___FILE_ONLY___ ═
2023-03-21 22:53:08,817 INFO     ___FILE_ONLY___ ═
2023-03-21 22:53:08,819 INFO     ___FILE_ONLY___ ═
2023-03-21 22:53:08,820 INFO     ___FILE_ONLY___ ═
2023-03-21 22:53:08,821 INFO     ___FILE_ONLY___ ═
2023-03-21 22:53:08,823 INFO     ___FILE_ONLY___ ═
2023-03-21 22:53:08,824 INFO     ___FILE_ONLY___ ═
2023-03-21 22:53:08,825 INFO     ___FILE_ONLY___ ═
2023-03-21 22:53:08,827 INFO     ___FILE_ONLY___ ═
2023-03-21 22:53:08,828 INFO     ___FILE_ONLY___ ═
2023-03-21 22:53:08,829 INFO     ___FILE_ONLY___ ═
2023-03-21 22:53:08,831 INFO     ___FILE_ONLY___ ═
2023-03-21 22:53:08,832 INFO     ___FILE_ONLY___ ═
2023-03-21 22:53:08,833 INFO     ___FILE_ONLY___ ═
2023-03-21 22:53:08,835 INFO     ___FILE_ONLY___ ═
2023-03-21 22:53:08,836 INFO     ___FILE_ONLY___ ═
2023-03-21 22:53:08,837 INFO     ___FILE_ONLY___ ═
2023-03-21 22:53:08,839 INFO     ___FILE_ONLY___ ═
2023-03-21 22:53:08,840 INFO     ___FILE_ONLY___ ═
2023-03-21 22:53:10,076 INFO     ___FILE_ONLY___ ═
2023-03-21 22:53:10,137 INFO     ___FILE_ONLY___ ═
2023-03-21 22:53:10,197 INFO     ___FILE_ONLY___ ═
2023-03-21 22:53:10,257 INFO     ___FILE_ONLY___ ═
2023-03-21 22:53:10,342 INFO     ___FILE_ONLY___ ═
2023-03-21 22:53:10,420 INFO     ___FILE_ONLY___ ═
2023-03-21 22:53:10,592 INFO     ___FILE_ONLY___ ═
2023-03-21 22:53:10,669 INFO     ___FILE_ONLY___ ═
2023-03-21 22:53:10,732 INFO     ___FILE_ONLY___ ═
2023-03-21 22:53:10,799 INFO     ___FILE_ONLY___ ═
2023-03-21 22:53:10,858 INFO     ___FILE_ONLY___ ═
2023-03-21 22:53:10,932 INFO     ___FILE_ONLY___ ═
2023-03-21 22:53:10,996 INFO     ___FILE_ONLY___ ═
2023-03-21 22:53:11,065 INFO     ___FILE_ONLY___ ═
2023-03-21 22:53:11,130 INFO     ___FILE_ONLY___ ═
2023-03-21 22:53:11,185 INFO     ___FILE_ONLY___ ═
2023-03-21 22:53:11,248 INFO     ___FILE_ONLY___ ═
2023-03-21 22:53:11,317 INFO     ___FILE_ONLY___ ═
2023-03-21 22:53:11,374 INFO     ___FILE_ONLY___ ═
2023-03-21 22:53:11,438 INFO     ___FILE_ONLY___ ═
2023-03-21 22:53:11,502 INFO     ___FILE_ONLY___ ═
2023-03-21 22:53:11,566 INFO     ___FILE_ONLY___ ═
2023-03-21 22:53:11,638 INFO     ___FILE_ONLY___ ═
2023-03-21 22:53:11,703 INFO     ___FILE_ONLY___ ═
2023-03-21 22:53:11,773 INFO     ___FILE_ONLY___ ═
2023-03-21 22:53:11,845 INFO     ___FILE_ONLY___ ═
2023-03-21 22:53:11,906 INFO     ___FILE_ONLY___ ═
2023-03-21 22:53:11,963 INFO     ___FILE_ONLY___ ═
2023-03-21 22:53:12,021 INFO     ___FILE_ONLY___ ═
2023-03-21 22:53:12,133 INFO     ___FILE_ONLY___ ═
2023-03-21 22:53:12,133 INFO     ___FILE_ONLY___ ╝

2023-03-21 22:53:12,226 INFO     ___FILE_ONLY___ ╔════════════════════════════════════════════════════════════╗

2023-03-21 22:53:12,227 INFO     ___FILE_ONLY___ ╠═ Installing: Cloud Storage Command Line Tool (Platform... ═╣

2023-03-21 22:53:12,227 INFO     ___FILE_ONLY___ ╚
2023-03-21 22:53:12,231 DEBUG    urllib3.connectionpool Starting new HTTPS connection (1): dl.google.com:443
2023-03-21 22:53:12,443 DEBUG    urllib3.connectionpool https://dl.google.com:443 "GET /dl/cloudsdk/channels/rapid/components/google-cloud-sdk-gsutil-nix-20220920185015.tar.gz HTTP/1.1" 200 1851
2023-03-21 22:53:12,444 INFO     ___FILE_ONLY___ ══════════════════════════════
2023-03-21 22:53:12,446 INFO     ___FILE_ONLY___ ══════════════════════════════
2023-03-21 22:53:12,446 INFO     ___FILE_ONLY___ ╝

2023-03-21 22:53:12,460 INFO     ___FILE_ONLY___ ╔════════════════════════════════════════════════════════════╗

2023-03-21 22:53:12,461 INFO     ___FILE_ONLY___ ╠═ Installing: Default set of gcloud commands               ═╣

2023-03-21 22:53:12,461 INFO     ___FILE_ONLY___ ╚
2023-03-21 22:53:12,466 INFO     ___FILE_ONLY___ ════════════════════════════════════════════════════════════
2023-03-21 22:53:12,466 INFO     ___FILE_ONLY___ ╝

2023-03-21 22:53:12,473 INFO     ___FILE_ONLY___ ╔════════════════════════════════════════════════════════════╗

2023-03-21 22:53:12,473 INFO     ___FILE_ONLY___ ╠═ Installing: Google Cloud CLI Core Libraries (Platform... ═╣

2023-03-21 22:53:12,474 INFO     ___FILE_ONLY___ ╚
2023-03-21 22:53:12,478 DEBUG    urllib3.connectionpool Starting new HTTPS connection (1): dl.google.com:443
2023-03-21 22:53:12,694 DEBUG    urllib3.connectionpool https://dl.google.com:443 "GET /dl/cloudsdk/channels/rapid/components/google-cloud-sdk-core-nix-20220920185015.tar.gz HTTP/1.1" 200 2221
2023-03-21 22:53:12,695 INFO     ___FILE_ONLY___ ══════════════════════════════
2023-03-21 22:53:12,697 INFO     ___FILE_ONLY___ ═══════════════
2023-03-21 22:53:12,697 INFO     ___FILE_ONLY___ ═══════════════
2023-03-21 22:53:12,698 INFO     ___FILE_ONLY___ ╝

2023-03-21 22:53:12,712 INFO     ___FILE_ONLY___ ╔════════════════════════════════════════════════════════════╗

2023-03-21 22:53:12,712 INFO     ___FILE_ONLY___ ╠═ Installing: Google Cloud CRC32C Hash Tool                ═╣

2023-03-21 22:53:12,713 INFO     ___FILE_ONLY___ ╚
2023-03-21 22:53:12,717 DEBUG    urllib3.connectionpool Starting new HTTPS connection (1): dl.google.com:443
2023-03-21 22:53:12,930 DEBUG    urllib3.connectionpool https://dl.google.com:443 "GET /dl/cloudsdk/channels/rapid/components/google-cloud-sdk-gcloud-crc32c-linux-x86_64-20221205224721.tar.gz HTTP/1.1" 200 1235322
2023-03-21 22:53:12,944 INFO     ___FILE_ONLY___ ═
2023-03-21 22:53:12,944 INFO     ___FILE_ONLY___ ═
2023-03-21 22:53:12,945 INFO     ___FILE_ONLY___ ═
2023-03-21 22:53:12,945 INFO     ___FILE_ONLY___ ═
2023-03-21 22:53:12,945 INFO     ___FILE_ONLY___ ═
2023-03-21 22:53:12,945 INFO     ___FILE_ONLY___ ═
2023-03-21 22:53:12,945 INFO     ___FILE_ONLY___ ═
2023-03-21 22:53:12,946 INFO     ___FILE_ONLY___ ═
2023-03-21 22:53:12,946 INFO     ___FILE_ONLY___ ═
2023-03-21 22:53:12,946 INFO     ___FILE_ONLY___ ═
2023-03-21 22:53:12,946 INFO     ___FILE_ONLY___ ═
2023-03-21 22:53:12,946 INFO     ___FILE_ONLY___ ═
2023-03-21 22:53:12,947 INFO     ___FILE_ONLY___ ═
2023-03-21 22:53:12,947 INFO     ___FILE_ONLY___ ═
2023-03-21 22:53:12,947 INFO     ___FILE_ONLY___ ═
2023-03-21 22:53:12,947 INFO     ___FILE_ONLY___ ═
2023-03-21 22:53:12,948 INFO     ___FILE_ONLY___ ═
2023-03-21 22:53:12,948 INFO     ___FILE_ONLY___ ═
2023-03-21 22:53:12,948 INFO     ___FILE_ONLY___ ═
2023-03-21 22:53:12,948 INFO     ___FILE_ONLY___ ═
2023-03-21 22:53:12,948 INFO     ___FILE_ONLY___ ═
2023-03-21 22:53:12,949 INFO     ___FILE_ONLY___ ═
2023-03-21 22:53:12,949 INFO     ___FILE_ONLY___ ═
2023-03-21 22:53:12,949 INFO     ___FILE_ONLY___ ═
2023-03-21 22:53:12,949 INFO     ___FILE_ONLY___ ═
2023-03-21 22:53:12,949 INFO     ___FILE_ONLY___ ═
2023-03-21 22:53:12,950 INFO     ___FILE_ONLY___ ═
2023-03-21 22:53:12,950 INFO     ___FILE_ONLY___ ═
2023-03-21 22:53:12,950 INFO     ___FILE_ONLY___ ═
2023-03-21 22:53:12,950 INFO     ___FILE_ONLY___ ═
2023-03-21 22:53:12,987 INFO     ___FILE_ONLY___ ═══════════════
2023-03-21 22:53:12,988 INFO     ___FILE_ONLY___ ═══════════════
2023-03-21 22:53:12,988 INFO     ___FILE_ONLY___ ╝

2023-03-21 22:53:13,003 INFO     ___FILE_ONLY___ ╔════════════════════════════════════════════════════════════╗

2023-03-21 22:53:13,004 INFO     ___FILE_ONLY___ ╠═ Installing: Google Cloud CRC32C Hash Tool                ═╣

2023-03-21 22:53:13,004 INFO     ___FILE_ONLY___ ╚
2023-03-21 22:53:13,009 INFO     ___FILE_ONLY___ ════════════════════════════════════════════════════════════
2023-03-21 22:53:13,009 INFO     ___FILE_ONLY___ ╝

2023-03-21 22:53:13,016 INFO     ___FILE_ONLY___ ╔════════════════════════════════════════════════════════════╗

2023-03-21 22:53:13,016 INFO     ___FILE_ONLY___ ╠═ Installing: anthoscli                                    ═╣

2023-03-21 22:53:13,016 INFO     ___FILE_ONLY___ ╚
2023-03-21 22:53:13,021 DEBUG    urllib3.connectionpool Starting new HTTPS connection (1): dl.google.com:443
2023-03-21 22:53:13,235 DEBUG    urllib3.connectionpool https://dl.google.com:443 "GET /dl/cloudsdk/channels/rapid/components/google-cloud-sdk-anthoscli-linux-x86_64-20230213205029.tar.gz HTTP/1.1" 200 71957154
2023-03-21 22:53:13,633 INFO     ___FILE_ONLY___ ═
2023-03-21 22:53:13,640 INFO     ___FILE_ONLY___ ═
2023-03-21 22:53:13,646 INFO     ___FILE_ONLY___ ═
2023-03-21 22:53:13,651 INFO     ___FILE_ONLY___ ═
2023-03-21 22:53:13,657 INFO     ___FILE_ONLY___ ═
2023-03-21 22:53:13,663 INFO     ___FILE_ONLY___ ═
2023-03-21 22:53:13,669 INFO     ___FILE_ONLY___ ═
2023-03-21 22:53:13,675 INFO     ___FILE_ONLY___ ═
2023-03-21 22:53:13,681 INFO     ___FILE_ONLY___ ═
2023-03-21 22:53:13,687 INFO     ___FILE_ONLY___ ═
2023-03-21 22:53:13,693 INFO     ___FILE_ONLY___ ═
2023-03-21 22:53:13,699 INFO     ___FILE_ONLY___ ═
2023-03-21 22:53:13,705 INFO     ___FILE_ONLY___ ═
2023-03-21 22:53:13,711 INFO     ___FILE_ONLY___ ═
2023-03-21 22:53:13,717 INFO     ___FILE_ONLY___ ═
2023-03-21 22:53:13,723 INFO     ___FILE_ONLY___ ═
2023-03-21 22:53:13,729 INFO     ___FILE_ONLY___ ═
2023-03-21 22:53:13,735 INFO     ___FILE_ONLY___ ═
2023-03-21 22:53:13,740 INFO     ___FILE_ONLY___ ═
2023-03-21 22:53:13,746 INFO     ___FILE_ONLY___ ═
2023-03-21 22:53:13,752 INFO     ___FILE_ONLY___ ═
2023-03-21 22:53:13,758 INFO     ___FILE_ONLY___ ═
2023-03-21 22:53:13,764 INFO     ___FILE_ONLY___ ═
2023-03-21 22:53:13,770 INFO     ___FILE_ONLY___ ═
2023-03-21 22:53:13,776 INFO     ___FILE_ONLY___ ═
2023-03-21 22:53:13,782 INFO     ___FILE_ONLY___ ═
2023-03-21 22:53:13,787 INFO     ___FILE_ONLY___ ═
2023-03-21 22:53:13,793 INFO     ___FILE_ONLY___ ═
2023-03-21 22:53:13,799 INFO     ___FILE_ONLY___ ═
2023-03-21 22:53:13,805 INFO     ___FILE_ONLY___ ═
2023-03-21 22:53:16,269 INFO     ___FILE_ONLY___ ══════════
2023-03-21 22:53:16,276 INFO     ___FILE_ONLY___ ═════════
2023-03-21 22:53:16,311 INFO     ___FILE_ONLY___ ═══════════
2023-03-21 22:53:16,311 INFO     ___FILE_ONLY___ ╝

2023-03-21 22:53:16,358 INFO     ___FILE_ONLY___ ╔════════════════════════════════════════════════════════════╗

2023-03-21 22:53:16,358 INFO     ___FILE_ONLY___ ╠═ Installing: anthoscli                                    ═╣

2023-03-21 22:53:16,358 INFO     ___FILE_ONLY___ ╚
2023-03-21 22:53:16,363 INFO     ___FILE_ONLY___ ════════════════════════════════════════════════════════════
2023-03-21 22:53:16,364 INFO     ___FILE_ONLY___ ╝

2023-03-21 22:53:16,371 INFO     ___FILE_ONLY___ ╔════════════════════════════════════════════════════════════╗

2023-03-21 22:53:16,371 INFO     ___FILE_ONLY___ ╠═ Installing: gcloud cli dependencies                      ═╣

2023-03-21 22:53:16,371 INFO     ___FILE_ONLY___ ╚
2023-03-21 22:53:16,375 DEBUG    urllib3.connectionpool Starting new HTTPS connection (1): dl.google.com:443
2023-03-21 22:53:16,587 DEBUG    urllib3.connectionpool https://dl.google.com:443 "GET /dl/cloudsdk/channels/rapid/components/google-cloud-sdk-gcloud-deps-linux-x86_64-20210416153011.tar.gz HTTP/1.1" 200 104
2023-03-21 22:53:16,589 INFO     ___FILE_ONLY___ ══════════════════════════════
2023-03-21 22:53:16,589 INFO     ___FILE_ONLY___ ══════════════════════════════
2023-03-21 22:53:16,590 INFO     ___FILE_ONLY___ ╝

2023-03-21 22:53:16,604 INFO     ___FILE_ONLY___ ╔════════════════════════════════════════════════════════════╗

2023-03-21 22:53:16,604 INFO     ___FILE_ONLY___ ╠═ Creating backup and activating new installation          ═╣

2023-03-21 22:53:16,605 INFO     ___FILE_ONLY___ ╚
2023-03-21 22:53:16,605 DEBUG    root            Attempting to move directory [/tools/google-cloud-sdk] to [/tools/google-cloud-sdk.staging/.install/.backup]
2023-03-21 22:53:16,605 INFO     ___FILE_ONLY___ ══════════════════════════════
2023-03-21 22:53:16,605 DEBUG    root            Attempting to move directory [/tools/google-cloud-sdk.staging] to [/tools/google-cloud-sdk]
2023-03-21 22:53:16,606 INFO     ___FILE_ONLY___ ══════════════════════════════
2023-03-21 22:53:16,606 INFO     ___FILE_ONLY___ ╝

2023-03-21 22:53:16,611 DEBUG    root            Updating notification cache...
2023-03-21 22:53:16,612 INFO     ___FILE_ONLY___ 

2023-03-21 22:53:16,619 INFO     ___FILE_ONLY___ Performing post processing steps...
2023-03-21 22:53:16,620 DEBUG    root            Executing command: ['python3', '-S', '/tools/google-cloud-sdk/lib/gcloud.py', 'components', 'post-process']
2023-03-21 22:53:43,467 DEBUG    ___FILE_ONLY___ 
2023-03-21 22:53:43,468 DEBUG    ___FILE_ONLY___ 
2023-03-21 22:53:43,661 INFO     ___FILE_ONLY___ 
Update done!


2023-03-21 22:53:43,667 DEBUG    root            Chosen display Format:none
2023-03-21 22:53:43,668 INFO     root            Display format: "none"
